[debug] [2021-03-23T17:47:06.003Z] ----------------------------------------------------------------------
[debug] [2021-03-23T17:47:06.006Z] Command:       C:\Program Files\nodejs\node.exe C:\Users\vit4l\AppData\Roaming\npm\node_modules\firebase-tools\lib\bin\firebase.js init
[debug] [2021-03-23T17:47:06.007Z] CLI Version:   9.6.0
[debug] [2021-03-23T17:47:06.007Z] Platform:      win32
[debug] [2021-03-23T17:47:06.007Z] Node Version:  v14.15.4
[debug] [2021-03-23T17:47:06.016Z] Time:          Tue Mar 23 2021 20:47:06 GMT+0300 (Москва, стандартное время)
[debug] [2021-03-23T17:47:06.017Z] ----------------------------------------------------------------------
[debug] [2021-03-23T17:47:06.017Z] 
[debug] [2021-03-23T17:47:06.021Z] >>> [apiv2][query] GET https://firebase-public.firebaseio.com/cli.json [none]
[debug] [2021-03-23T17:47:06.061Z] > command requires scopes: ["email","openid","https://www.googleapis.com/auth/cloudplatformprojects.readonly","https://www.googleapis.com/auth/firebase","https://www.googleapis.com/auth/cloud-platform"]
[debug] [2021-03-23T17:47:06.062Z] > authorizing via signed-in user
[info] 
     ######## #### ########  ######## ########     ###     ######  ########
     ##        ##  ##     ## ##       ##     ##  ##   ##  ##       ##
     ######    ##  ########  ######   ########  #########  ######  ######
     ##        ##  ##    ##  ##       ##     ## ##     ##       ## ##
     ##       #### ##     ## ######## ########  ##     ##  ######  ########

You're about to initialize a Firebase project in this directory:

  C:\Users\vit4l\OneDrive\Рабочий стол\Курсовые Vue3\video8-1

[debug] [2021-03-23T17:47:06.621Z] <<< [apiv2][status] GET https://firebase-public.firebaseio.com/cli.json 200
[debug] [2021-03-23T17:47:06.622Z] <<< [apiv2][body] GET https://firebase-public.firebaseio.com/cli.json {"cloudBuildErrorAfter":1594252800000,"cloudBuildWarnAfter":1590019200000,"defaultNode10After":1594252800000,"minVersion":"3.0.5","node8DeploysDisabledAfter":1613390400000,"node8RuntimeDisabledAfter":1615809600000,"node8WarnAfter":1600128000000}
